<?xml version="1.0" encoding="UTF-8"?>
<checkstyle version="2.3.3">
<file name="/var/www/html/eSAS/tests/codeception/bin/_bootstrap.php">
 <error line="1" column="1" severity="warning" message="A file should declare new symbols (classes, functions, constants, etc.) and cause no other side effects, or it should execute logic with side effects, but should not do both. The first symbol is defined on line 10 and the first side effect is on line 10." source="PSR1.Files.SideEffects.FoundWithSymbols"/>
</file>
<file name="/var/www/html/eSAS/tests/codeception/common/_support/FixtureHelper.php">
 <error line="36" column="12" severity="warning" message="Method name &quot;_beforeSuite&quot; should not be prefixed with an underscore to indicate visibility" source="PSR2.Methods.MethodDeclaration.Underscore"/>
 <error line="44" column="12" severity="warning" message="Method name &quot;_afterSuite&quot; should not be prefixed with an underscore to indicate visibility" source="PSR2.Methods.MethodDeclaration.Underscore"/>
</file>
<file name="/var/www/html/eSAS/tests/codeception/common/_pages/LoginPage.php">
 <error line="9" column="14" severity="warning" message="Line exceeds 120 characters; contains 173 characters" source="Generic.Files.LineLength.TooLong"/>
</file>
<file name="/var/www/html/eSAS/tests/codeception/common/_bootstrap.php">
 <error line="1" column="1" severity="warning" message="A file should declare new symbols (classes, functions, constants, etc.) and cause no other side effects, or it should execute logic with side effects, but should not do both. The first symbol is defined on line 2 and the first side effect is on line 2." source="PSR1.Files.SideEffects.FoundWithSymbols"/>
</file>
<file name="/var/www/html/eSAS/tests/codeception/common/unit/models/LoginFormTest.php">
 <error line="94" column="1" severity="error" message="The closing brace for the class must go on the next line after the body" source="PSR2.Classes.ClassDeclaration.CloseBraceAfterBody"/>
</file>
<file name="/var/www/html/eSAS/tests/codeception/config/acceptance.php">
 <error line="7" column="2" severity="error" message="Expected 1 newline at end of file; 0 found" source="PSR2.Files.EndFileNewline.NoneFound"/>
</file>
<file name="/var/www/html/eSAS/tests/codeception/config/unit.php">
 <error line="7" column="2" severity="error" message="Expected 1 newline at end of file; 0 found" source="PSR2.Files.EndFileNewline.NoneFound"/>
</file>
<file name="/var/www/html/eSAS/tests/codeception/config/functional.php">
 <error line="18" column="2" severity="error" message="Expected 1 newline at end of file; 0 found" source="PSR2.Files.EndFileNewline.NoneFound"/>
</file>
<file name="/var/www/html/eSAS/tests/codeception/config/backend/config.php">
 <error line="5" column="10" severity="error" message="Expected 1 newline at end of file; 0 found" source="PSR2.Files.EndFileNewline.NoneFound"/>
</file>
<file name="/var/www/html/eSAS/tests/codeception/config/backend/acceptance.php">
 <error line="1" column="1" severity="warning" message="A file should declare new symbols (classes, functions, constants, etc.) and cause no other side effects, or it should execute logic with side effects, but should not do both. The first symbol is defined on line 2 and the first side effect is on line 2." source="PSR1.Files.SideEffects.FoundWithSymbols"/>
</file>
<file name="/var/www/html/eSAS/tests/codeception/config/frontend/config.php">
 <error line="5" column="10" severity="error" message="Expected 1 newline at end of file; 0 found" source="PSR2.Files.EndFileNewline.NoneFound"/>
</file>
<file name="/var/www/html/eSAS/tests/codeception/config/frontend/acceptance.php">
 <error line="1" column="1" severity="warning" message="A file should declare new symbols (classes, functions, constants, etc.) and cause no other side effects, or it should execute logic with side effects, but should not do both. The first symbol is defined on line 2 and the first side effect is on line 2." source="PSR1.Files.SideEffects.FoundWithSymbols"/>
</file>
<file name="/var/www/html/eSAS/tests/codeception/console/_bootstrap.php">
 <error line="1" column="1" severity="warning" message="A file should declare new symbols (classes, functions, constants, etc.) and cause no other side effects, or it should execute logic with side effects, but should not do both. The first symbol is defined on line 2 and the first side effect is on line 2." source="PSR1.Files.SideEffects.FoundWithSymbols"/>
</file>
<file name="/var/www/html/eSAS/tests/codeception/backend/_bootstrap.php">
 <error line="1" column="1" severity="warning" message="A file should declare new symbols (classes, functions, constants, etc.) and cause no other side effects, or it should execute logic with side effects, but should not do both. The first symbol is defined on line 2 and the first side effect is on line 2." source="PSR1.Files.SideEffects.FoundWithSymbols"/>
 <error line="7" column="169" severity="warning" message="Line exceeds 120 characters; contains 169 characters" source="Generic.Files.LineLength.TooLong"/>
 <error line="8" column="131" severity="warning" message="Line exceeds 120 characters; contains 131 characters" source="Generic.Files.LineLength.TooLong"/>
 <error line="21" column="125" severity="warning" message="Line exceeds 120 characters; contains 125 characters" source="Generic.Files.LineLength.TooLong"/>
</file>
<file name="/var/www/html/eSAS/tests/codeception/frontend/functional/SignupCest.php">
 <error line="15" column="12" severity="warning" message="Method name &quot;_before&quot; should not be prefixed with an underscore to indicate visibility" source="PSR2.Methods.MethodDeclaration.Underscore"/>
 <error line="23" column="12" severity="warning" message="Method name &quot;_after&quot; should not be prefixed with an underscore to indicate visibility" source="PSR2.Methods.MethodDeclaration.Underscore"/>
 <error line="35" column="12" severity="warning" message="Method name &quot;_fail&quot; should not be prefixed with an underscore to indicate visibility" source="PSR2.Methods.MethodDeclaration.Underscore"/>
</file>
<file name="/var/www/html/eSAS/tests/codeception/frontend/acceptance/SignupCest.php">
 <error line="15" column="12" severity="warning" message="Method name &quot;_before&quot; should not be prefixed with an underscore to indicate visibility" source="PSR2.Methods.MethodDeclaration.Underscore"/>
 <error line="23" column="12" severity="warning" message="Method name &quot;_after&quot; should not be prefixed with an underscore to indicate visibility" source="PSR2.Methods.MethodDeclaration.Underscore"/>
 <error line="35" column="12" severity="warning" message="Method name &quot;_fail&quot; should not be prefixed with an underscore to indicate visibility" source="PSR2.Methods.MethodDeclaration.Underscore"/>
</file>
<file name="/var/www/html/eSAS/tests/codeception/frontend/_bootstrap.php">
 <error line="1" column="1" severity="warning" message="A file should declare new symbols (classes, functions, constants, etc.) and cause no other side effects, or it should execute logic with side effects, but should not do both. The first symbol is defined on line 2 and the first side effect is on line 2." source="PSR1.Files.SideEffects.FoundWithSymbols"/>
 <error line="7" column="153" severity="warning" message="Line exceeds 120 characters; contains 153 characters" source="Generic.Files.LineLength.TooLong"/>
 <error line="21" column="125" severity="warning" message="Line exceeds 120 characters; contains 125 characters" source="Generic.Files.LineLength.TooLong"/>
</file>
<file name="/var/www/html/eSAS/tests/codeception/frontend/unit/models/ResetPasswordFormTest.php">
 <error line="44" column="1" severity="error" message="The closing brace for the class must go on the next line after the body" source="PSR2.Classes.ClassDeclaration.CloseBraceAfterBody"/>
</file>
<file name="/var/www/html/eSAS/tests/codeception/frontend/unit/models/PasswordResetRequestFormTest.php">
 <error line="88" column="1" severity="error" message="The closing brace for the class must go on the next line after the body" source="PSR2.Classes.ClassDeclaration.CloseBraceAfterBody"/>
</file>
<file name="/var/www/html/eSAS/tests/codeception/frontend/unit/models/SignupFormTest.php">
 <error line="53" column="1" severity="error" message="The closing brace for the class must go on the next line after the body" source="PSR2.Classes.ClassDeclaration.CloseBraceAfterBody"/>
</file>
</checkstyle>

